{
  "0 debug pnpm:scope": {
    "selected": 1
  },
  "1 error pnpm": {
    "code": "ELIFECYCLE",
    "errno": "ENOENT",
    "syscall": "spawn",
    "file": "sh",
    "pkgid": "virtual-list@0.0.0",
    "stage": "build",
    "script": "vue-tsc --noEmit && vite build",
    "pkgname": "virtual-list",
    "err": {
      "name": "pnpm",
      "message": "virtual-list@0.0.0 build: `vue-tsc --noEmit && vite build`\nspawn ENOENT",
      "code": "ELIFECYCLE",
      "stack": "pnpm: virtual-list@0.0.0 build: `vue-tsc --noEmit && vite build`\nspawn ENOENT\n    at ChildProcess.<anonymous> (/usr/local/lib/node_modules/pnpm/dist/pnpm.cjs:92204:22)\n    at ChildProcess.emit (node:events:537:28)\n    at maybeClose (node:internal/child_process:1091:16)\n    at ChildProcess._handle.onexit (node:internal/child_process:302:5)"
    }
  },
  "2 warn pnpm:global": " Local package.json exists, but node_modules missing, did you mean to install?"
}